<?xml version="1.0" encoding="UTF-8"?>
<testng-results ignored="0" total="2" passed="2" failed="0" skipped="0">
  <reporter-output>
  </reporter-output>
  <suite started-at="2021-12-04T22:23:48 EST" name="Suite" finished-at="2021-12-04T22:24:11 EST" duration-ms="22839">
    <groups>
      <group name="smokeTest">
        <method signature="T2_Runner.userlogin()[pri:1, instance:testcases.T2_Runner@b2c9a9c]" name="userlogin" class="testcases.T2_Runner"/>
        <method signature="T3_Runner.userlogin()[pri:1, instance:testcases.T3_Runner@4c178a76]" name="userlogin" class="testcases.T3_Runner"/>
      </group> <!-- smokeTest -->
    </groups>
    <test started-at="2021-12-04T22:23:48 EST" name="Test" finished-at="2021-12-04T22:24:11 EST" duration-ms="22839">
      <class name="testcases.T3_Runner">
        <test-method signature="userlogin()[pri:1, instance:testcases.T3_Runner@4c178a76]" started-at="2021-12-04T22:24:01 EST" name="userlogin" finished-at="2021-12-04T22:24:11 EST" duration-ms="9972" status="PASS">
          <reporter-output>
          </reporter-output>
        </test-method> <!-- userlogin -->
      </class> <!-- testcases.T3_Runner -->
      <class name="testcases.T2_Runner">
        <test-method signature="userlogin()[pri:1, instance:testcases.T2_Runner@b2c9a9c]" started-at="2021-12-04T22:23:48 EST" name="userlogin" finished-at="2021-12-04T22:24:01 EST" duration-ms="12830" status="PASS">
          <reporter-output>
          </reporter-output>
        </test-method> <!-- userlogin -->
      </class> <!-- testcases.T2_Runner -->
    </test> <!-- Test -->
  </suite> <!-- Suite -->
</testng-results>
